{"/Users/julienschneider/Desktop/projet-cpnv/Shopping-JulienSchneider/src/Cart/Cart.js": {"path":"/Users/julienschneider/Desktop/projet-cpnv/Shopping-JulienSchneider/src/Cart/Cart.js","statementMap":{"0":{"start":{"line":9,"column":27},"end":{"line":9,"column":61}},"1":{"start":{"line":10,"column":28},"end":{"line":10,"column":63}},"2":{"start":{"line":13,"column":0},"end":{"line":73,"column":1}},"3":{"start":{"line":21,"column":8},"end":{"line":21,"column":28}},"4":{"start":{"line":25,"column":8},"end":{"line":27,"column":9}},"5":{"start":{"line":26,"column":12},"end":{"line":26,"column":41}},"6":{"start":{"line":28,"column":8},"end":{"line":28,"column":27}},"7":{"start":{"line":35,"column":8},"end":{"line":37,"column":9}},"8":{"start":{"line":36,"column":12},"end":{"line":36,"column":41}},"9":{"start":{"line":38,"column":8},"end":{"line":38,"column":90}},"10":{"start":{"line":38,"column":51},"end":{"line":38,"column":85}},"11":{"start":{"line":43,"column":8},"end":{"line":45,"column":9}},"12":{"start":{"line":44,"column":12},"end":{"line":44,"column":41}},"13":{"start":{"line":47,"column":8},"end":{"line":51,"column":9}},"14":{"start":{"line":48,"column":12},"end":{"line":48,"column":38}},"15":{"start":{"line":50,"column":12},"end":{"line":50,"column":81}},"16":{"start":{"line":50,"column":55},"end":{"line":50,"column":76}},"17":{"start":{"line":55,"column":8},"end":{"line":57,"column":9}},"18":{"start":{"line":56,"column":12},"end":{"line":56,"column":42}},"19":{"start":{"line":58,"column":8},"end":{"line":58,"column":28}},"20":{"start":{"line":63,"column":27},"end":{"line":63,"column":99}},"21":{"start":{"line":63,"column":61},"end":{"line":63,"column":95}},"22":{"start":{"line":64,"column":30},"end":{"line":64,"column":87}},"23":{"start":{"line":64,"column":64},"end":{"line":64,"column":83}},"24":{"start":{"line":66,"column":8},"end":{"line":66,"column":42}}},"fnMap":{"0":{"name":"(anonymous_0)","decl":{"start":{"line":20,"column":4},"end":{"line":20,"column":5}},"loc":{"start":{"line":20,"column":28},"end":{"line":22,"column":5}},"line":20},"1":{"name":"(anonymous_1)","decl":{"start":{"line":24,"column":4},"end":{"line":24,"column":5}},"loc":{"start":{"line":24,"column":16},"end":{"line":29,"column":5}},"line":24},"2":{"name":"(anonymous_2)","decl":{"start":{"line":31,"column":4},"end":{"line":31,"column":5}},"loc":{"start":{"line":31,"column":16},"end":{"line":39,"column":5}},"line":31},"3":{"name":"(anonymous_3)","decl":{"start":{"line":38,"column":34},"end":{"line":38,"column":35}},"loc":{"start":{"line":38,"column":51},"end":{"line":38,"column":85}},"line":38},"4":{"name":"(anonymous_4)","decl":{"start":{"line":41,"column":4},"end":{"line":41,"column":5}},"loc":{"start":{"line":41,"column":17},"end":{"line":52,"column":5}},"line":41},"5":{"name":"(anonymous_5)","decl":{"start":{"line":50,"column":38},"end":{"line":50,"column":39}},"loc":{"start":{"line":50,"column":55},"end":{"line":50,"column":76}},"line":50},"6":{"name":"(anonymous_6)","decl":{"start":{"line":54,"column":4},"end":{"line":54,"column":5}},"loc":{"start":{"line":54,"column":15},"end":{"line":59,"column":5}},"line":54},"7":{"name":"(anonymous_7)","decl":{"start":{"line":61,"column":4},"end":{"line":61,"column":5}},"loc":{"start":{"line":61,"column":19},"end":{"line":67,"column":5}},"line":61},"8":{"name":"(anonymous_8)","decl":{"start":{"line":63,"column":46},"end":{"line":63,"column":47}},"loc":{"start":{"line":63,"column":61},"end":{"line":63,"column":95}},"line":63},"9":{"name":"(anonymous_9)","decl":{"start":{"line":64,"column":49},"end":{"line":64,"column":50}},"loc":{"start":{"line":64,"column":64},"end":{"line":64,"column":83}},"line":64}},"branchMap":{"0":{"loc":{"start":{"line":20,"column":16},"end":{"line":20,"column":26}},"type":"default-arg","locations":[{"start":{"line":20,"column":24},"end":{"line":20,"column":26}}],"line":20},"1":{"loc":{"start":{"line":25,"column":8},"end":{"line":27,"column":9}},"type":"if","locations":[{"start":{"line":25,"column":8},"end":{"line":27,"column":9}},{"start":{},"end":{}}],"line":25},"2":{"loc":{"start":{"line":35,"column":8},"end":{"line":37,"column":9}},"type":"if","locations":[{"start":{"line":35,"column":8},"end":{"line":37,"column":9}},{"start":{},"end":{}}],"line":35},"3":{"loc":{"start":{"line":43,"column":8},"end":{"line":45,"column":9}},"type":"if","locations":[{"start":{"line":43,"column":8},"end":{"line":45,"column":9}},{"start":{},"end":{}}],"line":43},"4":{"loc":{"start":{"line":47,"column":8},"end":{"line":51,"column":9}},"type":"if","locations":[{"start":{"line":47,"column":8},"end":{"line":51,"column":9}},{"start":{"line":49,"column":15},"end":{"line":51,"column":9}}],"line":47},"5":{"loc":{"start":{"line":55,"column":8},"end":{"line":57,"column":9}},"type":"if","locations":[{"start":{"line":55,"column":8},"end":{"line":57,"column":9}},{"start":{},"end":{}}],"line":55}},"s":{"0":1,"1":1,"2":1,"3":12,"4":2,"5":1,"6":1,"7":3,"8":1,"9":2,"10":3,"11":4,"12":1,"13":3,"14":1,"15":2,"16":4,"17":2,"18":1,"19":1,"20":2,"21":2,"22":1,"23":2,"24":1},"f":{"0":12,"1":2,"2":3,"3":3,"4":4,"5":4,"6":2,"7":2,"8":2,"9":2},"b":{"0":[0],"1":[1,1],"2":[1,2],"3":[1,3],"4":[1,2],"5":[1,1]},"_coverageSchema":"1a1c01bbd47fc00a2c39e90264f33305004495a9","hash":"1f6fc55e9a04187de9ae1b937d69705de317a0aa"}
,"/Users/julienschneider/Desktop/projet-cpnv/Shopping-JulienSchneider/src/Cart/CartException.js": {"path":"/Users/julienschneider/Desktop/projet-cpnv/Shopping-JulienSchneider/src/Cart/CartException.js","statementMap":{"0":{"start":{"line":1,"column":0},"end":{"line":2,"column":1}}},"fnMap":{},"branchMap":{},"s":{"0":1},"f":{},"b":{},"_coverageSchema":"1a1c01bbd47fc00a2c39e90264f33305004495a9","hash":"9c1732987d3b5350ec2d4c8ea1f50c2e1f0f5161"}
,"/Users/julienschneider/Desktop/projet-cpnv/Shopping-JulienSchneider/src/Cart/EmptyCartException.js": {"path":"/Users/julienschneider/Desktop/projet-cpnv/Shopping-JulienSchneider/src/Cart/EmptyCartException.js","statementMap":{"0":{"start":{"line":1,"column":22},"end":{"line":1,"column":51}},"1":{"start":{"line":2,"column":0},"end":{"line":3,"column":1}}},"fnMap":{},"branchMap":{},"s":{"0":1,"1":1},"f":{},"b":{},"_coverageSchema":"1a1c01bbd47fc00a2c39e90264f33305004495a9","hash":"4d9267dd689a492a4187ee423283d0070aca9689"}
,"/Users/julienschneider/Desktop/projet-cpnv/Shopping-JulienSchneider/src/Cart/UpdateCartException.js": {"path":"/Users/julienschneider/Desktop/projet-cpnv/Shopping-JulienSchneider/src/Cart/UpdateCartException.js","statementMap":{"0":{"start":{"line":1,"column":22},"end":{"line":1,"column":51}},"1":{"start":{"line":2,"column":0},"end":{"line":3,"column":1}}},"fnMap":{},"branchMap":{},"s":{"0":1,"1":1},"f":{},"b":{},"_coverageSchema":"1a1c01bbd47fc00a2c39e90264f33305004495a9","hash":"00dd340910969c7b9320763525f9c56ee3eb7b5d"}
,"/Users/julienschneider/Desktop/projet-cpnv/Shopping-JulienSchneider/src/CartItem/CartItem.js": {"path":"/Users/julienschneider/Desktop/projet-cpnv/Shopping-JulienSchneider/src/CartItem/CartItem.js","statementMap":{"0":{"start":{"line":9,"column":34},"end":{"line":9,"column":75}},"1":{"start":{"line":10,"column":33},"end":{"line":10,"column":73}},"2":{"start":{"line":11,"column":30},"end":{"line":11,"column":67}},"3":{"start":{"line":13,"column":0},"end":{"line":67,"column":1}},"4":{"start":{"line":24,"column":8},"end":{"line":24,"column":63}},"5":{"start":{"line":24,"column":27},"end":{"line":24,"column":63}},"6":{"start":{"line":25,"column":8},"end":{"line":25,"column":61}},"7":{"start":{"line":25,"column":26},"end":{"line":25,"column":61}},"8":{"start":{"line":26,"column":8},"end":{"line":26,"column":56}},"9":{"start":{"line":26,"column":24},"end":{"line":26,"column":56}},"10":{"start":{"line":27,"column":8},"end":{"line":27,"column":36}},"11":{"start":{"line":28,"column":8},"end":{"line":28,"column":26}},"12":{"start":{"line":29,"column":8},"end":{"line":29,"column":34}},"13":{"start":{"line":30,"column":8},"end":{"line":30,"column":27}},"14":{"start":{"line":34,"column":8},"end":{"line":34,"column":31}},"15":{"start":{"line":38,"column":8},"end":{"line":38,"column":30}},"16":{"start":{"line":42,"column":8},"end":{"line":44,"column":9}},"17":{"start":{"line":43,"column":12},"end":{"line":43,"column":47}},"18":{"start":{"line":45,"column":8},"end":{"line":45,"column":31}},"19":{"start":{"line":49,"column":8},"end":{"line":49,"column":27}},"20":{"start":{"line":53,"column":8},"end":{"line":55,"column":9}},"21":{"start":{"line":54,"column":12},"end":{"line":54,"column":44}},"22":{"start":{"line":56,"column":8},"end":{"line":56,"column":28}},"23":{"start":{"line":60,"column":8},"end":{"line":60,"column":44}}},"fnMap":{"0":{"name":"(anonymous_0)","decl":{"start":{"line":23,"column":4},"end":{"line":23,"column":5}},"loc":{"start":{"line":23,"column":50},"end":{"line":31,"column":5}},"line":23},"1":{"name":"(anonymous_1)","decl":{"start":{"line":33,"column":4},"end":{"line":33,"column":5}},"loc":{"start":{"line":33,"column":20},"end":{"line":35,"column":5}},"line":33},"2":{"name":"(anonymous_2)","decl":{"start":{"line":37,"column":4},"end":{"line":37,"column":5}},"loc":{"start":{"line":37,"column":19},"end":{"line":39,"column":5}},"line":37},"3":{"name":"(anonymous_3)","decl":{"start":{"line":41,"column":4},"end":{"line":41,"column":5}},"loc":{"start":{"line":41,"column":24},"end":{"line":46,"column":5}},"line":41},"4":{"name":"(anonymous_4)","decl":{"start":{"line":48,"column":4},"end":{"line":48,"column":5}},"loc":{"start":{"line":48,"column":16},"end":{"line":50,"column":5}},"line":48},"5":{"name":"(anonymous_5)","decl":{"start":{"line":52,"column":4},"end":{"line":52,"column":5}},"loc":{"start":{"line":52,"column":21},"end":{"line":57,"column":5}},"line":52},"6":{"name":"(anonymous_6)","decl":{"start":{"line":59,"column":4},"end":{"line":59,"column":5}},"loc":{"start":{"line":59,"column":16},"end":{"line":61,"column":5}},"line":59}},"branchMap":{"0":{"loc":{"start":{"line":24,"column":8},"end":{"line":24,"column":63}},"type":"if","locations":[{"start":{"line":24,"column":8},"end":{"line":24,"column":63}},{"start":{},"end":{}}],"line":24},"1":{"loc":{"start":{"line":25,"column":8},"end":{"line":25,"column":61}},"type":"if","locations":[{"start":{"line":25,"column":8},"end":{"line":25,"column":61}},{"start":{},"end":{}}],"line":25},"2":{"loc":{"start":{"line":26,"column":8},"end":{"line":26,"column":56}},"type":"if","locations":[{"start":{"line":26,"column":8},"end":{"line":26,"column":56}},{"start":{},"end":{}}],"line":26},"3":{"loc":{"start":{"line":42,"column":8},"end":{"line":44,"column":9}},"type":"if","locations":[{"start":{"line":42,"column":8},"end":{"line":44,"column":9}},{"start":{},"end":{}}],"line":42},"4":{"loc":{"start":{"line":53,"column":8},"end":{"line":55,"column":9}},"type":"if","locations":[{"start":{"line":53,"column":8},"end":{"line":55,"column":9}},{"start":{},"end":{}}],"line":53}},"s":{"0":1,"1":1,"2":1,"3":1,"4":8,"5":1,"6":7,"7":1,"8":6,"9":1,"10":5,"11":5,"12":5,"13":5,"14":2,"15":2,"16":2,"17":1,"18":1,"19":2,"20":2,"21":1,"22":1,"23":3},"f":{"0":8,"1":2,"2":2,"3":2,"4":2,"5":2,"6":3},"b":{"0":[1,7],"1":[1,6],"2":[1,5],"3":[1,1],"4":[1,1]},"_coverageSchema":"1a1c01bbd47fc00a2c39e90264f33305004495a9","hash":"99b08ba39ee326a0900b571fcaff3289f43b94e7"}
,"/Users/julienschneider/Desktop/projet-cpnv/Shopping-JulienSchneider/src/CartItem/CartItemException.js": {"path":"/Users/julienschneider/Desktop/projet-cpnv/Shopping-JulienSchneider/src/CartItem/CartItemException.js","statementMap":{"0":{"start":{"line":1,"column":0},"end":{"line":2,"column":1}}},"fnMap":{},"branchMap":{},"s":{"0":1},"f":{},"b":{},"_coverageSchema":"1a1c01bbd47fc00a2c39e90264f33305004495a9","hash":"2a0d4a72f1f43b288fde3635004626e62d979ba9"}
,"/Users/julienschneider/Desktop/projet-cpnv/Shopping-JulienSchneider/src/CartItem/InvalidArticleIdException.js": {"path":"/Users/julienschneider/Desktop/projet-cpnv/Shopping-JulienSchneider/src/CartItem/InvalidArticleIdException.js","statementMap":{"0":{"start":{"line":1,"column":26},"end":{"line":1,"column":59}},"1":{"start":{"line":2,"column":0},"end":{"line":3,"column":1}}},"fnMap":{},"branchMap":{},"s":{"0":1,"1":1},"f":{},"b":{},"_coverageSchema":"1a1c01bbd47fc00a2c39e90264f33305004495a9","hash":"b90c0fce64c0ea4482d99084c17df70be9c4630f"}
,"/Users/julienschneider/Desktop/projet-cpnv/Shopping-JulienSchneider/src/CartItem/InvalidPriceException.js": {"path":"/Users/julienschneider/Desktop/projet-cpnv/Shopping-JulienSchneider/src/CartItem/InvalidPriceException.js","statementMap":{"0":{"start":{"line":1,"column":26},"end":{"line":1,"column":59}},"1":{"start":{"line":2,"column":0},"end":{"line":3,"column":1}}},"fnMap":{},"branchMap":{},"s":{"0":1,"1":1},"f":{},"b":{},"_coverageSchema":"1a1c01bbd47fc00a2c39e90264f33305004495a9","hash":"11ace148089bea8dfc553610c6567faa555043cc"}
,"/Users/julienschneider/Desktop/projet-cpnv/Shopping-JulienSchneider/src/CartItem/InvalidQuantityException.js": {"path":"/Users/julienschneider/Desktop/projet-cpnv/Shopping-JulienSchneider/src/CartItem/InvalidQuantityException.js","statementMap":{"0":{"start":{"line":1,"column":26},"end":{"line":1,"column":59}},"1":{"start":{"line":2,"column":0},"end":{"line":3,"column":1}}},"fnMap":{},"branchMap":{},"s":{"0":1,"1":1},"f":{},"b":{},"_coverageSchema":"1a1c01bbd47fc00a2c39e90264f33305004495a9","hash":"e92ab2e478ff04ee8945727defd1b02df64c6234"}
}
