TN:
SF:src/Cart/Cart.js
FN:20,(anonymous_0)
FN:24,(anonymous_1)
FN:31,(anonymous_2)
FN:38,(anonymous_3)
FN:41,(anonymous_4)
FN:50,(anonymous_5)
FN:54,(anonymous_6)
FN:61,(anonymous_7)
FN:63,(anonymous_8)
FN:64,(anonymous_9)
FNF:10
FNH:10
FNDA:12,(anonymous_0)
FNDA:2,(anonymous_1)
FNDA:3,(anonymous_2)
FNDA:3,(anonymous_3)
FNDA:4,(anonymous_4)
FNDA:4,(anonymous_5)
FNDA:2,(anonymous_6)
FNDA:2,(anonymous_7)
FNDA:2,(anonymous_8)
FNDA:2,(anonymous_9)
DA:9,1
DA:10,1
DA:13,1
DA:21,12
DA:25,2
DA:26,1
DA:28,1
DA:35,3
DA:36,1
DA:38,3
DA:43,4
DA:44,1
DA:47,3
DA:48,1
DA:50,4
DA:55,2
DA:56,1
DA:58,1
DA:63,2
DA:64,2
DA:66,1
LF:21
LH:21
BRDA:20,0,0,0
BRDA:25,1,0,1
BRDA:25,1,1,1
BRDA:35,2,0,1
BRDA:35,2,1,2
BRDA:43,3,0,1
BRDA:43,3,1,3
BRDA:47,4,0,1
BRDA:47,4,1,2
BRDA:55,5,0,1
BRDA:55,5,1,1
BRF:11
BRH:10
end_of_record
TN:
SF:src/Cart/CartException.js
FNF:0
FNH:0
DA:1,1
LF:1
LH:1
BRF:0
BRH:0
end_of_record
TN:
SF:src/Cart/EmptyCartException.js
FNF:0
FNH:0
DA:1,1
DA:2,1
LF:2
LH:2
BRF:0
BRH:0
end_of_record
TN:
SF:src/Cart/UpdateCartException.js
FNF:0
FNH:0
DA:1,1
DA:2,1
LF:2
LH:2
BRF:0
BRH:0
end_of_record
TN:
SF:src/CartItem/CartItem.js
FN:23,(anonymous_0)
FN:33,(anonymous_1)
FN:37,(anonymous_2)
FN:41,(anonymous_3)
FN:48,(anonymous_4)
FN:52,(anonymous_5)
FN:59,(anonymous_6)
FNF:7
FNH:7
FNDA:8,(anonymous_0)
FNDA:2,(anonymous_1)
FNDA:2,(anonymous_2)
FNDA:2,(anonymous_3)
FNDA:2,(anonymous_4)
FNDA:2,(anonymous_5)
FNDA:3,(anonymous_6)
DA:9,1
DA:10,1
DA:11,1
DA:13,1
DA:24,8
DA:25,7
DA:26,6
DA:27,5
DA:28,5
DA:29,5
DA:30,5
DA:34,2
DA:38,2
DA:42,2
DA:43,1
DA:45,1
DA:49,2
DA:53,2
DA:54,1
DA:56,1
DA:60,3
LF:21
LH:21
BRDA:24,0,0,1
BRDA:24,0,1,7
BRDA:25,1,0,1
BRDA:25,1,1,6
BRDA:26,2,0,1
BRDA:26,2,1,5
BRDA:42,3,0,1
BRDA:42,3,1,1
BRDA:53,4,0,1
BRDA:53,4,1,1
BRF:10
BRH:10
end_of_record
TN:
SF:src/CartItem/CartItemException.js
FNF:0
FNH:0
DA:1,1
LF:1
LH:1
BRF:0
BRH:0
end_of_record
TN:
SF:src/CartItem/InvalidArticleIdException.js
FNF:0
FNH:0
DA:1,1
DA:2,1
LF:2
LH:2
BRF:0
BRH:0
end_of_record
TN:
SF:src/CartItem/InvalidPriceException.js
FNF:0
FNH:0
DA:1,1
DA:2,1
LF:2
LH:2
BRF:0
BRH:0
end_of_record
TN:
SF:src/CartItem/InvalidQuantityException.js
FNF:0
FNH:0
DA:1,1
DA:2,1
LF:2
LH:2
BRF:0
BRH:0
end_of_record
